<?xml version="1.0" encoding="UTF-8"?>
<testng-results ignored="0" total="1" passed="1" failed="0" skipped="0">
  <reporter-output>
  </reporter-output>
  <suite started-at="2021-07-04T22:24:43 IST" name="Suite" finished-at="2021-07-04T22:24:43 IST" duration-ms="101">
    <groups>
    </groups>
    <test started-at="2021-07-04T22:24:43 IST" name="Test" finished-at="2021-07-04T22:24:43 IST" duration-ms="101">
      <class name="com.appium.test.TestAppium">
        <test-method is-config="true" signature="beforeTest()[pri:0, instance:com.appium.test.TestAppium@1f97cf0d]" started-at="2021-07-04T22:24:43 IST" name="beforeTest" finished-at="2021-07-04T22:24:43 IST" duration-ms="18" status="PASS">
          <reporter-output>
          </reporter-output>
        </test-method> <!-- beforeTest -->
        <test-method signature="test()[pri:0, instance:com.appium.test.TestAppium@1f97cf0d]" started-at="2021-07-04T22:24:43 IST" name="test" finished-at="2021-07-04T22:24:43 IST" duration-ms="3" status="PASS">
          <reporter-output>
          </reporter-output>
        </test-method> <!-- test -->
        <test-method is-config="true" signature="afterTest()[pri:0, instance:com.appium.test.TestAppium@1f97cf0d]" started-at="2021-07-04T22:24:43 IST" name="afterTest" finished-at="2021-07-04T22:24:43 IST" duration-ms="1" status="PASS">
          <reporter-output>
          </reporter-output>
        </test-method> <!-- afterTest -->
      </class> <!-- com.appium.test.TestAppium -->
    </test> <!-- Test -->
  </suite> <!-- Suite -->
</testng-results>
